<?xml version="1.0" encoding="UTF-8"?>
<coverage generated="1774910570404" clover="3.2.0">
  <project timestamp="1774910570404" name="All files">
    <metrics statements="161" coveredstatements="159" conditionals="151" coveredconditionals="131" methods="30" coveredmethods="29" elements="342" coveredelements="319" complexity="0" loc="161" ncloc="161" packages="3" files="5" classes="5"/>
    <package name="background">
      <metrics statements="71" coveredstatements="70" conditionals="63" coveredconditionals="53" methods="10" coveredmethods="10"/>
      <file name="service-worker.js" path="/home/hoang/projects/phishing_detection/extension/background/service-worker.js">
        <metrics statements="71" coveredstatements="70" conditionals="63" coveredconditionals="53" methods="10" coveredmethods="10"/>
        <line num="24" count="1" type="stmt"/>
        <line num="25" count="1" type="stmt"/>
        <line num="32" count="15" type="stmt"/>
        <line num="40" count="8" type="cond" truecount="2" falsecount="0"/>
        <line num="47" count="1" type="stmt"/>
        <line num="48" count="5" type="stmt"/>
        <line num="49" count="5" type="cond" truecount="2" falsecount="0"/>
        <line num="51" count="4" type="stmt"/>
        <line num="52" count="4" type="stmt"/>
        <line num="53" count="4" type="stmt"/>
        <line num="54" count="4" type="stmt"/>
        <line num="55" count="3" type="cond" truecount="4" falsecount="0"/>
        <line num="56" count="2" type="stmt"/>
        <line num="60" count="1" type="stmt"/>
        <line num="68" count="1" type="stmt"/>
        <line num="70" count="1" type="stmt"/>
        <line num="71" count="4" type="cond" truecount="2" falsecount="0"/>
        <line num="73" count="3" type="stmt"/>
        <line num="74" count="3" type="cond" truecount="2" falsecount="0"/>
        <line num="76" count="2" type="stmt"/>
        <line num="77" count="2" type="stmt"/>
        <line num="79" count="1" type="stmt"/>
        <line num="87" count="1" type="stmt"/>
        <line num="88" count="9" type="cond" truecount="2" falsecount="0"/>
        <line num="89" count="4" type="stmt"/>
        <line num="90" count="4" type="stmt"/>
        <line num="93" count="5" type="cond" truecount="2" falsecount="0"/>
        <line num="94" count="1" type="stmt"/>
        <line num="95" count="1" type="stmt"/>
        <line num="98" count="4" type="cond" truecount="2" falsecount="0"/>
        <line num="100" count="3" type="stmt"/>
        <line num="101" count="3" type="stmt"/>
        <line num="105" count="4" type="stmt"/>
        <line num="106" count="4" type="stmt"/>
        <line num="108" count="4" type="stmt"/>
        <line num="114" count="4" type="cond" truecount="4" falsecount="0"/>
        <line num="115" count="3" type="stmt"/>
        <line num="116" count="3" type="stmt"/>
        <line num="117" count="3" type="stmt"/>
        <line num="118" count="3" type="stmt"/>
        <line num="123" count="1" type="cond" truecount="3" falsecount="1"/>
        <line num="124" count="0" type="stmt"/>
        <line num="127" count="2" type="stmt"/>
        <line num="133" count="3" type="stmt"/>
        <line num="135" count="3" type="cond" truecount="2" falsecount="0"/>
        <line num="136" count="1" type="stmt"/>
        <line num="137" count="1" type="stmt"/>
        <line num="140" count="2" type="stmt"/>
        <line num="141" count="2" type="stmt"/>
        <line num="147" count="1" type="cond" truecount="3" falsecount="1"/>
        <line num="148" count="1" type="stmt"/>
        <line num="150" count="1" type="stmt"/>
        <line num="152" count="1" type="stmt"/>
        <line num="161" count="10" type="cond" truecount="1" falsecount="1"/>
        <line num="162" count="10" type="stmt"/>
        <line num="163" count="10" type="cond" truecount="3" falsecount="1"/>
        <line num="164" count="9" type="cond" truecount="3" falsecount="1"/>
        <line num="165" count="8" type="stmt"/>
        <line num="169" count="12" type="cond" truecount="1" falsecount="1"/>
        <line num="170" count="12" type="stmt"/>
        <line num="171" count="12" type="cond" truecount="2" falsecount="0"/>
        <line num="172" count="11" type="cond" truecount="2" falsecount="0"/>
        <line num="173" count="10" type="cond" truecount="2" falsecount="0"/>
        <line num="174" count="9" type="cond" truecount="2" falsecount="0"/>
        <line num="175" count="8" type="stmt"/>
        <line num="183" count="12" type="cond" truecount="1" falsecount="0"/>
        <line num="184" count="12" type="stmt"/>
        <line num="190" count="12" type="stmt"/>
        <line num="191" count="12" type="stmt"/>
        <line num="195" count="1" type="cond" truecount="1" falsecount="1"/>
        <line num="196" count="1" type="stmt"/>
      </file>
    </package>
    <package name="content_scripts">
      <metrics statements="80" coveredstatements="79" conditionals="82" coveredconditionals="72" methods="17" coveredmethods="16"/>
      <file name="gmail.js" path="/home/hoang/projects/phishing_detection/extension/content_scripts/gmail.js">
        <metrics statements="35" coveredstatements="35" conditionals="35" coveredconditionals="30" methods="8" coveredmethods="8"/>
        <line num="12" count="1" type="stmt"/>
        <line num="28" count="9" type="stmt"/>
        <line num="29" count="9" type="stmt"/>
        <line num="31" count="9" type="stmt"/>
        <line num="43" count="9" type="stmt"/>
        <line num="53" count="11" type="cond" truecount="2" falsecount="0"/>
        <line num="54" count="11" type="stmt"/>
        <line num="56" count="11" type="cond" truecount="3" falsecount="1"/>
        <line num="57" count="11" type="stmt"/>
        <line num="58" count="11" type="cond" truecount="1" falsecount="1"/>
        <line num="60" count="11" type="cond" truecount="2" falsecount="0"/>
        <line num="66" count="11" type="cond" truecount="2" falsecount="0"/>
        <line num="70" count="11" type="stmt"/>
        <line num="93" count="6" type="stmt"/>
        <line num="94" count="6" type="cond" truecount="2" falsecount="0"/>
        <line num="96" count="6" type="cond" truecount="2" falsecount="0"/>
        <line num="97" count="6" type="cond" truecount="2" falsecount="0"/>
        <line num="99" count="5" type="stmt"/>
        <line num="100" count="5" type="stmt"/>
        <line num="101" count="5" type="stmt"/>
        <line num="106" count="2" type="stmt"/>
        <line num="107" count="2" type="cond" truecount="2" falsecount="0"/>
        <line num="122" count="1" type="stmt"/>
        <line num="124" count="1" type="stmt"/>
        <line num="125" count="27" type="stmt"/>
        <line num="126" count="27" type="cond" truecount="2" falsecount="0"/>
        <line num="128" count="4" type="stmt"/>
        <line num="129" count="4" type="cond" truecount="3" falsecount="1"/>
        <line num="130" count="4" type="stmt"/>
        <line num="131" count="4" type="stmt"/>
        <line num="135" count="1" type="stmt"/>
        <line num="136" count="1" type="stmt"/>
        <line num="144" count="1" type="stmt"/>
        <line num="166" count="1" type="cond" truecount="1" falsecount="1"/>
        <line num="167" count="1" type="stmt"/>
      </file>
      <file name="outlook.js" path="/home/hoang/projects/phishing_detection/extension/content_scripts/outlook.js">
        <metrics statements="34" coveredstatements="33" conditionals="37" coveredconditionals="32" methods="8" coveredmethods="7"/>
        <line num="11" count="1" type="stmt"/>
        <line num="28" count="8" type="stmt"/>
        <line num="29" count="8" type="cond" truecount="2" falsecount="0"/>
        <line num="32" count="8" type="stmt"/>
        <line num="44" count="7" type="stmt"/>
        <line num="54" count="11" type="cond" truecount="2" falsecount="0"/>
        <line num="55" count="11" type="stmt"/>
        <line num="57" count="11" type="cond" truecount="3" falsecount="1"/>
        <line num="58" count="11" type="cond" truecount="1" falsecount="1"/>
        <line num="60" count="11" type="cond" truecount="2" falsecount="0"/>
        <line num="66" count="11" type="cond" truecount="1" falsecount="1"/>
        <line num="70" count="11" type="stmt"/>
        <line num="93" count="7" type="stmt"/>
        <line num="94" count="7" type="cond" truecount="2" falsecount="0"/>
        <line num="96" count="7" type="cond" truecount="2" falsecount="0"/>
        <line num="98" count="7" type="cond" truecount="2" falsecount="0"/>
        <line num="100" count="6" type="stmt"/>
        <line num="101" count="6" type="stmt"/>
        <line num="102" count="6" type="stmt"/>
        <line num="107" count="2" type="stmt"/>
        <line num="108" count="2" type="cond" truecount="2" falsecount="0"/>
        <line num="121" count="1" type="stmt"/>
        <line num="123" count="1" type="stmt"/>
        <line num="124" count="30" type="stmt"/>
        <line num="125" count="30" type="cond" truecount="2" falsecount="0"/>
        <line num="127" count="4" type="stmt"/>
        <line num="128" count="4" type="cond" truecount="4" falsecount="0"/>
        <line num="129" count="3" type="stmt"/>
        <line num="130" count="3" type="stmt"/>
        <line num="134" count="1" type="stmt"/>
        <line num="135" count="1" type="stmt"/>
        <line num="143" count="0" type="stmt"/>
        <line num="164" count="1" type="cond" truecount="1" falsecount="1"/>
        <line num="165" count="1" type="stmt"/>
      </file>
      <file name="sentra_bridge.js" path="/home/hoang/projects/phishing_detection/extension/content_scripts/sentra_bridge.js">
        <metrics statements="11" coveredstatements="11" conditionals="10" coveredconditionals="10" methods="1" coveredmethods="1"/>
        <line num="11" count="6" type="stmt"/>
        <line num="12" count="6" type="stmt"/>
        <line num="14" count="6" type="cond" truecount="4" falsecount="0"/>
        <line num="16" count="2" type="stmt"/>
        <line num="17" count="2" type="stmt"/>
        <line num="21" count="4" type="stmt"/>
        <line num="22" count="4" type="stmt"/>
        <line num="24" count="1" type="stmt"/>
        <line num="27" count="3" type="cond" truecount="4" falsecount="0"/>
        <line num="28" count="2" type="stmt"/>
        <line num="34" count="1" type="stmt"/>
      </file>
    </package>
    <package name="utils">
      <metrics statements="10" coveredstatements="10" conditionals="6" coveredconditionals="6" methods="3" coveredmethods="3"/>
      <file name="api.js" path="/home/hoang/projects/phishing_detection/extension/utils/api.js">
        <metrics statements="10" coveredstatements="10" conditionals="6" coveredconditionals="6" methods="3" coveredmethods="3"/>
        <line num="7" count="2" type="stmt"/>
        <line num="19" count="8" type="stmt"/>
        <line num="27" count="7" type="cond" truecount="2" falsecount="0"/>
        <line num="28" count="5" type="stmt"/>
        <line num="41" count="12" type="stmt"/>
        <line num="49" count="9" type="cond" truecount="2" falsecount="0"/>
        <line num="50" count="8" type="stmt"/>
        <line num="62" count="7" type="stmt"/>
        <line num="67" count="6" type="cond" truecount="2" falsecount="0"/>
        <line num="68" count="5" type="stmt"/>
      </file>
    </package>
  </project>
</coverage>
