{"/home/hoang/projects/phishing_detection/extension/background/service-worker.js": {"path":"/home/hoang/projects/phishing_detection/extension/background/service-worker.js","statementMap":{"0":{"start":{"line":24,"column":24},"end":{"line":24,"column":35}},"1":{"start":{"line":25,"column":33},"end":{"line":25,"column":34}},"2":{"start":{"line":32,"column":2},"end":{"line":36,"column":5}},"3":{"start":{"line":40,"column":2},"end":{"line":40,"column":55}},"4":{"start":{"line":47,"column":0},"end":{"line":62,"column":3}},"5":{"start":{"line":48,"column":17},"end":{"line":48,"column":36}},"6":{"start":{"line":49,"column":2},"end":{"line":49,"column":40}},"7":{"start":{"line":49,"column":33},"end":{"line":49,"column":40}},"8":{"start":{"line":51,"column":2},"end":{"line":61,"column":3}},"9":{"start":{"line":52,"column":20},"end":{"line":52,"column":36}},"10":{"start":{"line":53,"column":20},"end":{"line":53,"column":31}},"11":{"start":{"line":54,"column":19},"end":{"line":54,"column":111}},"12":{"start":{"line":55,"column":4},"end":{"line":57,"column":5}},"13":{"start":{"line":56,"column":6},"end":{"line":56,"column":87}},"14":{"start":{"line":60,"column":4},"end":{"line":60,"column":72}},"15":{"start":{"line":68,"column":0},"end":{"line":68,"column":85}},"16":{"start":{"line":70,"column":0},"end":{"line":81,"column":3}},"17":{"start":{"line":71,"column":2},"end":{"line":71,"column":45}},"18":{"start":{"line":71,"column":38},"end":{"line":71,"column":45}},"19":{"start":{"line":73,"column":17},"end":{"line":73,"column":36}},"20":{"start":{"line":74,"column":2},"end":{"line":74,"column":44}},"21":{"start":{"line":74,"column":37},"end":{"line":74,"column":44}},"22":{"start":{"line":76,"column":2},"end":{"line":80,"column":3}},"23":{"start":{"line":77,"column":4},"end":{"line":77,"column":76}},"24":{"start":{"line":79,"column":4},"end":{"line":79,"column":60}},"25":{"start":{"line":87,"column":0},"end":{"line":102,"column":3}},"26":{"start":{"line":88,"column":2},"end":{"line":91,"column":3}},"27":{"start":{"line":89,"column":4},"end":{"line":89,"column":33}},"28":{"start":{"line":90,"column":4},"end":{"line":90,"column":17}},"29":{"start":{"line":93,"column":2},"end":{"line":96,"column":3}},"30":{"start":{"line":94,"column":4},"end":{"line":94,"column":76}},"31":{"start":{"line":95,"column":4},"end":{"line":95,"column":17}},"32":{"start":{"line":98,"column":2},"end":{"line":98,"column":50}},"33":{"start":{"line":98,"column":37},"end":{"line":98,"column":50}},"34":{"start":{"line":100,"column":2},"end":{"line":100,"column":44}},"35":{"start":{"line":101,"column":2},"end":{"line":101,"column":14}},"36":{"start":{"line":105,"column":17},"end":{"line":105,"column":36}},"37":{"start":{"line":106,"column":23},"end":{"line":106,"column":65}},"38":{"start":{"line":108,"column":2},"end":{"line":111,"column":5}},"39":{"start":{"line":114,"column":2},"end":{"line":129,"column":3}},"40":{"start":{"line":115,"column":4},"end":{"line":128,"column":5}},"41":{"start":{"line":116,"column":22},"end":{"line":116,"column":38}},"42":{"start":{"line":117,"column":22},"end":{"line":117,"column":33}},"43":{"start":{"line":118,"column":21},"end":{"line":122,"column":7}},"44":{"start":{"line":123,"column":6},"end":{"line":125,"column":7}},"45":{"start":{"line":124,"column":8},"end":{"line":124,"column":89}},"46":{"start":{"line":127,"column":6},"end":{"line":127,"column":70}},"47":{"start":{"line":133,"column":17},"end":{"line":133,"column":36}},"48":{"start":{"line":135,"column":2},"end":{"line":138,"column":3}},"49":{"start":{"line":136,"column":4},"end":{"line":136,"column":87}},"50":{"start":{"line":137,"column":4},"end":{"line":137,"column":11}},"51":{"start":{"line":140,"column":2},"end":{"line":150,"column":3}},"52":{"start":{"line":141,"column":19},"end":{"line":146,"column":5}},"53":{"start":{"line":147,"column":4},"end":{"line":147,"column":25}},"54":{"start":{"line":149,"column":4},"end":{"line":149,"column":75}},"55":{"start":{"line":158,"column":2},"end":{"line":158,"column":57}},"56":{"start":{"line":158,"column":40},"end":{"line":158,"column":57}},"57":{"start":{"line":159,"column":13},"end":{"line":159,"column":32}},"58":{"start":{"line":160,"column":2},"end":{"line":160,"column":88}},"59":{"start":{"line":160,"column":27},"end":{"line":160,"column":88}},"60":{"start":{"line":161,"column":2},"end":{"line":161,"column":96}},"61":{"start":{"line":161,"column":30},"end":{"line":161,"column":96}},"62":{"start":{"line":162,"column":2},"end":{"line":162,"column":19}},"63":{"start":{"line":166,"column":2},"end":{"line":166,"column":57}},"64":{"start":{"line":166,"column":40},"end":{"line":166,"column":57}},"65":{"start":{"line":167,"column":13},"end":{"line":167,"column":32}},"66":{"start":{"line":168,"column":2},"end":{"line":168,"column":61}},"67":{"start":{"line":168,"column":38},"end":{"line":168,"column":61}},"68":{"start":{"line":169,"column":2},"end":{"line":169,"column":47}},"69":{"start":{"line":169,"column":30},"end":{"line":169,"column":47}},"70":{"start":{"line":170,"column":2},"end":{"line":170,"column":46}},"71":{"start":{"line":170,"column":31},"end":{"line":170,"column":46}},"72":{"start":{"line":171,"column":2},"end":{"line":171,"column":43}},"73":{"start":{"line":171,"column":28},"end":{"line":171,"column":43}},"74":{"start":{"line":172,"column":2},"end":{"line":172,"column":19}},"75":{"start":{"line":176,"column":0},"end":{"line":178,"column":1}},"76":{"start":{"line":177,"column":2},"end":{"line":177,"column":90}}},"fnMap":{"0":{"name":"_getStorage","decl":{"start":{"line":31,"column":15},"end":{"line":31,"column":26}},"loc":{"start":{"line":31,"column":29},"end":{"line":37,"column":1}},"line":31},"1":{"name":"_apiUrl","decl":{"start":{"line":39,"column":9},"end":{"line":39,"column":16}},"loc":{"start":{"line":39,"column":25},"end":{"line":41,"column":1}},"line":39},"2":{"name":"(anonymous_2)","decl":{"start":{"line":47,"column":39},"end":{"line":47,"column":40}},"loc":{"start":{"line":47,"column":58},"end":{"line":62,"column":1}},"line":47},"3":{"name":"(anonymous_3)","decl":{"start":{"line":70,"column":34},"end":{"line":70,"column":35}},"loc":{"start":{"line":70,"column":51},"end":{"line":81,"column":1}},"line":70},"4":{"name":"(anonymous_4)","decl":{"start":{"line":87,"column":37},"end":{"line":87,"column":38}},"loc":{"start":{"line":87,"column":72},"end":{"line":102,"column":1}},"line":87},"5":{"name":"_handleSetAuthToken","decl":{"start":{"line":104,"column":15},"end":{"line":104,"column":34}},"loc":{"start":{"line":104,"column":44},"end":{"line":130,"column":1}},"line":104},"6":{"name":"_handleScanRequest","decl":{"start":{"line":132,"column":15},"end":{"line":132,"column":33}},"loc":{"start":{"line":132,"column":57},"end":{"line":151,"column":1}},"line":132},"7":{"name":"_detectBrowser","decl":{"start":{"line":157,"column":9},"end":{"line":157,"column":23}},"loc":{"start":{"line":157,"column":26},"end":{"line":163,"column":1}},"line":157},"8":{"name":"_detectOS","decl":{"start":{"line":165,"column":9},"end":{"line":165,"column":18}},"loc":{"start":{"line":165,"column":21},"end":{"line":173,"column":1}},"line":165}},"branchMap":{"0":{"loc":{"start":{"line":40,"column":9},"end":{"line":40,"column":54}},"type":"binary-expr","locations":[{"start":{"line":40,"column":9},"end":{"line":40,"column":30}},{"start":{"line":40,"column":34},"end":{"line":40,"column":54}}],"line":40},"1":{"loc":{"start":{"line":49,"column":2},"end":{"line":49,"column":40}},"type":"if","locations":[{"start":{"line":49,"column":2},"end":{"line":49,"column":40}},{"start":{},"end":{}}],"line":49},"2":{"loc":{"start":{"line":55,"column":4},"end":{"line":57,"column":5}},"type":"if","locations":[{"start":{"line":55,"column":4},"end":{"line":57,"column":5}},{"start":{},"end":{}}],"line":55},"3":{"loc":{"start":{"line":55,"column":8},"end":{"line":55,"column":39}},"type":"binary-expr","locations":[{"start":{"line":55,"column":8},"end":{"line":55,"column":14}},{"start":{"line":55,"column":18},"end":{"line":55,"column":39}}],"line":55},"4":{"loc":{"start":{"line":71,"column":2},"end":{"line":71,"column":45}},"type":"if","locations":[{"start":{"line":71,"column":2},"end":{"line":71,"column":45}},{"start":{},"end":{}}],"line":71},"5":{"loc":{"start":{"line":74,"column":2},"end":{"line":74,"column":44}},"type":"if","locations":[{"start":{"line":74,"column":2},"end":{"line":74,"column":44}},{"start":{},"end":{}}],"line":74},"6":{"loc":{"start":{"line":88,"column":2},"end":{"line":91,"column":3}},"type":"if","locations":[{"start":{"line":88,"column":2},"end":{"line":91,"column":3}},{"start":{},"end":{}}],"line":88},"7":{"loc":{"start":{"line":93,"column":2},"end":{"line":96,"column":3}},"type":"if","locations":[{"start":{"line":93,"column":2},"end":{"line":96,"column":3}},{"start":{},"end":{}}],"line":93},"8":{"loc":{"start":{"line":98,"column":2},"end":{"line":98,"column":50}},"type":"if","locations":[{"start":{"line":98,"column":2},"end":{"line":98,"column":50}},{"start":{},"end":{}}],"line":98},"9":{"loc":{"start":{"line":114,"column":2},"end":{"line":129,"column":3}},"type":"if","locations":[{"start":{"line":114,"column":2},"end":{"line":129,"column":3}},{"start":{},"end":{}}],"line":114},"10":{"loc":{"start":{"line":114,"column":6},"end":{"line":114,"column":51}},"type":"binary-expr","locations":[{"start":{"line":114,"column":6},"end":{"line":114,"column":35}},{"start":{"line":114,"column":39},"end":{"line":114,"column":51}}],"line":114},"11":{"loc":{"start":{"line":123,"column":6},"end":{"line":125,"column":7}},"type":"if","locations":[{"start":{"line":123,"column":6},"end":{"line":125,"column":7}},{"start":{},"end":{}}],"line":123},"12":{"loc":{"start":{"line":123,"column":10},"end":{"line":123,"column":41}},"type":"binary-expr","locations":[{"start":{"line":123,"column":10},"end":{"line":123,"column":16}},{"start":{"line":123,"column":20},"end":{"line":123,"column":41}}],"line":123},"13":{"loc":{"start":{"line":135,"column":2},"end":{"line":138,"column":3}},"type":"if","locations":[{"start":{"line":135,"column":2},"end":{"line":138,"column":3}},{"start":{},"end":{}}],"line":135},"14":{"loc":{"start":{"line":144,"column":6},"end":{"line":144,"column":27}},"type":"binary-expr","locations":[{"start":{"line":144,"column":6},"end":{"line":144,"column":21}},{"start":{"line":144,"column":25},"end":{"line":144,"column":27}}],"line":144},"15":{"loc":{"start":{"line":145,"column":6},"end":{"line":145,"column":24}},"type":"binary-expr","locations":[{"start":{"line":145,"column":6},"end":{"line":145,"column":18}},{"start":{"line":145,"column":22},"end":{"line":145,"column":24}}],"line":145},"16":{"loc":{"start":{"line":158,"column":2},"end":{"line":158,"column":57}},"type":"if","locations":[{"start":{"line":158,"column":2},"end":{"line":158,"column":57}},{"start":{},"end":{}}],"line":158},"17":{"loc":{"start":{"line":160,"column":2},"end":{"line":160,"column":88}},"type":"if","locations":[{"start":{"line":160,"column":2},"end":{"line":160,"column":88}},{"start":{},"end":{}}],"line":160},"18":{"loc":{"start":{"line":160,"column":42},"end":{"line":160,"column":78}},"type":"binary-expr","locations":[{"start":{"line":160,"column":42},"end":{"line":160,"column":72}},{"start":{"line":160,"column":76},"end":{"line":160,"column":78}}],"line":160},"19":{"loc":{"start":{"line":161,"column":2},"end":{"line":161,"column":96}},"type":"if","locations":[{"start":{"line":161,"column":2},"end":{"line":161,"column":96}},{"start":{},"end":{}}],"line":161},"20":{"loc":{"start":{"line":161,"column":47},"end":{"line":161,"column":86}},"type":"binary-expr","locations":[{"start":{"line":161,"column":47},"end":{"line":161,"column":80}},{"start":{"line":161,"column":84},"end":{"line":161,"column":86}}],"line":161},"21":{"loc":{"start":{"line":166,"column":2},"end":{"line":166,"column":57}},"type":"if","locations":[{"start":{"line":166,"column":2},"end":{"line":166,"column":57}},{"start":{},"end":{}}],"line":166},"22":{"loc":{"start":{"line":168,"column":2},"end":{"line":168,"column":61}},"type":"if","locations":[{"start":{"line":168,"column":2},"end":{"line":168,"column":61}},{"start":{},"end":{}}],"line":168},"23":{"loc":{"start":{"line":169,"column":2},"end":{"line":169,"column":47}},"type":"if","locations":[{"start":{"line":169,"column":2},"end":{"line":169,"column":47}},{"start":{},"end":{}}],"line":169},"24":{"loc":{"start":{"line":170,"column":2},"end":{"line":170,"column":46}},"type":"if","locations":[{"start":{"line":170,"column":2},"end":{"line":170,"column":46}},{"start":{},"end":{}}],"line":170},"25":{"loc":{"start":{"line":171,"column":2},"end":{"line":171,"column":43}},"type":"if","locations":[{"start":{"line":171,"column":2},"end":{"line":171,"column":43}},{"start":{},"end":{}}],"line":171},"26":{"loc":{"start":{"line":176,"column":0},"end":{"line":178,"column":1}},"type":"if","locations":[{"start":{"line":176,"column":0},"end":{"line":178,"column":1}},{"start":{},"end":{}}],"line":176}},"s":{"0":1,"1":1,"2":15,"3":8,"4":1,"5":5,"6":5,"7":1,"8":4,"9":4,"10":4,"11":4,"12":3,"13":2,"14":1,"15":1,"16":1,"17":4,"18":1,"19":3,"20":3,"21":1,"22":2,"23":2,"24":1,"25":1,"26":9,"27":4,"28":4,"29":5,"30":1,"31":1,"32":4,"33":1,"34":3,"35":3,"36":4,"37":4,"38":4,"39":4,"40":3,"41":3,"42":3,"43":3,"44":1,"45":0,"46":2,"47":3,"48":3,"49":1,"50":1,"51":2,"52":2,"53":1,"54":1,"55":10,"56":0,"57":10,"58":10,"59":1,"60":9,"61":1,"62":8,"63":12,"64":0,"65":12,"66":12,"67":1,"68":11,"69":1,"70":10,"71":1,"72":9,"73":1,"74":8,"75":1,"76":1},"f":{"0":15,"1":8,"2":5,"3":4,"4":9,"5":4,"6":3,"7":10,"8":12},"b":{"0":[8,5],"1":[1,4],"2":[2,1],"3":[3,3],"4":[1,3],"5":[1,2],"6":[4,5],"7":[1,4],"8":[1,3],"9":[3,1],"10":[4,1],"11":[0,1],"12":[1,1],"13":[1,2],"14":[2,1],"15":[2,0],"16":[0,10],"17":[1,9],"18":[1,0],"19":[1,8],"20":[1,0],"21":[0,12],"22":[1,11],"23":[1,10],"24":[1,9],"25":[1,8],"26":[1,0]},"_coverageSchema":"1a1c01bbd47fc00a2c39e90264f33305004495a9","hash":"21b7ef1d5ef872408bc1572920871f86ea967f74"}
,"/home/hoang/projects/phishing_detection/extension/content_scripts/gmail.js": {"path":"/home/hoang/projects/phishing_detection/extension/content_scripts/gmail.js","statementMap":{"0":{"start":{"line":12,"column":19},"end":{"line":12,"column":44}},"1":{"start":{"line":28,"column":20},"end":{"line":28,"column":51}},"2":{"start":{"line":29,"column":17},"end":{"line":29,"column":51}},"3":{"start":{"line":31,"column":2},"end":{"line":34,"column":4}},"4":{"start":{"line":43,"column":2},"end":{"line":43,"column":20}},"5":{"start":{"line":53,"column":23},"end":{"line":53,"column":78}},"6":{"start":{"line":54,"column":23},"end":{"line":54,"column":47}},"7":{"start":{"line":56,"column":20},"end":{"line":56,"column":81}},"8":{"start":{"line":57,"column":20},"end":{"line":57,"column":29}},"9":{"start":{"line":58,"column":20},"end":{"line":58,"column":55}},"10":{"start":{"line":60,"column":16},"end":{"line":64,"column":36}},"11":{"start":{"line":66,"column":21},"end":{"line":68,"column":8}},"12":{"start":{"line":70,"column":2},"end":{"line":88,"column":11}},"13":{"start":{"line":93,"column":19},"end":{"line":93,"column":54}},"14":{"start":{"line":94,"column":2},"end":{"line":94,"column":34}},"15":{"start":{"line":94,"column":16},"end":{"line":94,"column":34}},"16":{"start":{"line":96,"column":20},"end":{"line":96,"column":83}},"17":{"start":{"line":97,"column":2},"end":{"line":97,"column":25}},"18":{"start":{"line":97,"column":18},"end":{"line":97,"column":25}},"19":{"start":{"line":99,"column":18},"end":{"line":99,"column":47}},"20":{"start":{"line":100,"column":2},"end":{"line":100,"column":52}},"21":{"start":{"line":101,"column":2},"end":{"line":101,"column":40}},"22":{"start":{"line":106,"column":13},"end":{"line":106,"column":48}},"23":{"start":{"line":107,"column":2},"end":{"line":107,"column":22}},"24":{"start":{"line":107,"column":10},"end":{"line":107,"column":22}},"25":{"start":{"line":122,"column":20},"end":{"line":122,"column":22}},"26":{"start":{"line":124,"column":19},"end":{"line":133,"column":4}},"27":{"start":{"line":125,"column":22},"end":{"line":125,"column":53}},"28":{"start":{"line":126,"column":4},"end":{"line":126,"column":27}},"29":{"start":{"line":126,"column":20},"end":{"line":126,"column":27}},"30":{"start":{"line":128,"column":20},"end":{"line":128,"column":48}},"31":{"start":{"line":129,"column":4},"end":{"line":132,"column":5}},"32":{"start":{"line":130,"column":6},"end":{"line":130,"column":28}},"33":{"start":{"line":131,"column":6},"end":{"line":131,"column":20}},"34":{"start":{"line":135,"column":2},"end":{"line":135,"column":70}},"35":{"start":{"line":136,"column":2},"end":{"line":136,"column":18}},"36":{"start":{"line":144,"column":2},"end":{"line":148,"column":29}},"37":{"start":{"line":166,"column":0},"end":{"line":168,"column":1}},"38":{"start":{"line":167,"column":2},"end":{"line":167,"column":124}}},"fnMap":{"0":{"name":"extractEmailFromDOM","decl":{"start":{"line":27,"column":9},"end":{"line":27,"column":28}},"loc":{"start":{"line":27,"column":31},"end":{"line":35,"column":1}},"line":27},"1":{"name":"getOverlayId","decl":{"start":{"line":42,"column":9},"end":{"line":42,"column":21}},"loc":{"start":{"line":42,"column":24},"end":{"line":44,"column":1}},"line":42},"2":{"name":"buildOverlayHTML","decl":{"start":{"line":52,"column":9},"end":{"line":52,"column":25}},"loc":{"start":{"line":52,"column":62},"end":{"line":89,"column":1}},"line":52},"3":{"name":"injectOverlay","decl":{"start":{"line":92,"column":9},"end":{"line":92,"column":22}},"loc":{"start":{"line":92,"column":36},"end":{"line":102,"column":1}},"line":92},"4":{"name":"removeOverlay","decl":{"start":{"line":105,"column":9},"end":{"line":105,"column":22}},"loc":{"start":{"line":105,"column":25},"end":{"line":108,"column":1}},"line":105},"5":{"name":"watchForEmailOpen","decl":{"start":{"line":121,"column":9},"end":{"line":121,"column":26}},"loc":{"start":{"line":121,"column":40},"end":{"line":137,"column":1}},"line":121},"6":{"name":"(anonymous_6)","decl":{"start":{"line":124,"column":40},"end":{"line":124,"column":41}},"loc":{"start":{"line":124,"column":46},"end":{"line":133,"column":3}},"line":124},"7":{"name":"_escapeHtml","decl":{"start":{"line":143,"column":9},"end":{"line":143,"column":20}},"loc":{"start":{"line":143,"column":26},"end":{"line":149,"column":1}},"line":143}},"branchMap":{"0":{"loc":{"start":{"line":32,"column":14},"end":{"line":32,"column":42}},"type":"binary-expr","locations":[{"start":{"line":32,"column":14},"end":{"line":32,"column":36}},{"start":{"line":32,"column":40},"end":{"line":32,"column":42}}],"line":32},"1":{"loc":{"start":{"line":33,"column":14},"end":{"line":33,"column":62}},"type":"binary-expr","locations":[{"start":{"line":33,"column":14},"end":{"line":33,"column":31}},{"start":{"line":33,"column":37},"end":{"line":33,"column":56}},{"start":{"line":33,"column":60},"end":{"line":33,"column":62}}],"line":33},"2":{"loc":{"start":{"line":53,"column":23},"end":{"line":53,"column":78}},"type":"binary-expr","locations":[{"start":{"line":53,"column":23},"end":{"line":53,"column":45}},{"start":{"line":53,"column":49},"end":{"line":53,"column":78}}],"line":53},"3":{"loc":{"start":{"line":56,"column":20},"end":{"line":56,"column":81}},"type":"cond-expr","locations":[{"start":{"line":56,"column":33},"end":{"line":56,"column":42}},{"start":{"line":56,"column":45},"end":{"line":56,"column":81}}],"line":56},"4":{"loc":{"start":{"line":56,"column":45},"end":{"line":56,"column":81}},"type":"cond-expr","locations":[{"start":{"line":56,"column":60},"end":{"line":56,"column":69}},{"start":{"line":56,"column":72},"end":{"line":56,"column":81}}],"line":56},"5":{"loc":{"start":{"line":58,"column":32},"end":{"line":58,"column":47}},"type":"binary-expr","locations":[{"start":{"line":58,"column":32},"end":{"line":58,"column":42}},{"start":{"line":58,"column":46},"end":{"line":58,"column":47}}],"line":58},"6":{"loc":{"start":{"line":60,"column":16},"end":{"line":64,"column":36}},"type":"cond-expr","locations":[{"start":{"line":61,"column":6},"end":{"line":61,"column":35}},{"start":{"line":62,"column":6},"end":{"line":64,"column":36}}],"line":60},"7":{"loc":{"start":{"line":62,"column":6},"end":{"line":64,"column":36}},"type":"cond-expr","locations":[{"start":{"line":63,"column":8},"end":{"line":63,"column":36}},{"start":{"line":64,"column":8},"end":{"line":64,"column":36}}],"line":62},"8":{"loc":{"start":{"line":66,"column":21},"end":{"line":68,"column":8}},"type":"cond-expr","locations":[{"start":{"line":67,"column":6},"end":{"line":67,"column":95}},{"start":{"line":68,"column":6},"end":{"line":68,"column":8}}],"line":66},"9":{"loc":{"start":{"line":94,"column":2},"end":{"line":94,"column":34}},"type":"if","locations":[{"start":{"line":94,"column":2},"end":{"line":94,"column":34}},{"start":{},"end":{}}],"line":94},"10":{"loc":{"start":{"line":96,"column":20},"end":{"line":96,"column":83}},"type":"binary-expr","locations":[{"start":{"line":96,"column":20},"end":{"line":96,"column":50}},{"start":{"line":96,"column":54},"end":{"line":96,"column":83}}],"line":96},"11":{"loc":{"start":{"line":97,"column":2},"end":{"line":97,"column":25}},"type":"if","locations":[{"start":{"line":97,"column":2},"end":{"line":97,"column":25}},{"start":{},"end":{}}],"line":97},"12":{"loc":{"start":{"line":107,"column":2},"end":{"line":107,"column":22}},"type":"if","locations":[{"start":{"line":107,"column":2},"end":{"line":107,"column":22}},{"start":{},"end":{}}],"line":107},"13":{"loc":{"start":{"line":126,"column":4},"end":{"line":126,"column":27}},"type":"if","locations":[{"start":{"line":126,"column":4},"end":{"line":126,"column":27}},{"start":{},"end":{}}],"line":126},"14":{"loc":{"start":{"line":129,"column":4},"end":{"line":132,"column":5}},"type":"if","locations":[{"start":{"line":129,"column":4},"end":{"line":132,"column":5}},{"start":{},"end":{}}],"line":129},"15":{"loc":{"start":{"line":129,"column":8},"end":{"line":129,"column":42}},"type":"binary-expr","locations":[{"start":{"line":129,"column":8},"end":{"line":129,"column":15}},{"start":{"line":129,"column":19},"end":{"line":129,"column":42}}],"line":129},"16":{"loc":{"start":{"line":166,"column":0},"end":{"line":168,"column":1}},"type":"if","locations":[{"start":{"line":166,"column":0},"end":{"line":168,"column":1}},{"start":{},"end":{}}],"line":166}},"s":{"0":1,"1":9,"2":9,"3":9,"4":9,"5":11,"6":11,"7":11,"8":11,"9":11,"10":11,"11":11,"12":11,"13":6,"14":6,"15":1,"16":6,"17":6,"18":1,"19":5,"20":5,"21":5,"22":2,"23":2,"24":1,"25":1,"26":1,"27":27,"28":27,"29":23,"30":4,"31":4,"32":4,"33":4,"34":1,"35":1,"36":1,"37":1,"38":1},"f":{"0":9,"1":9,"2":11,"3":6,"4":2,"5":1,"6":27,"7":1},"b":{"0":[9,1],"1":[9,9,3],"2":[11,2],"3":[9,2],"4":[0,2],"5":[11,0],"6":[9,2],"7":[0,2],"8":[1,10],"9":[1,5],"10":[6,1],"11":[1,5],"12":[1,1],"13":[23,4],"14":[4,0],"15":[4,4],"16":[1,0]},"_coverageSchema":"1a1c01bbd47fc00a2c39e90264f33305004495a9","hash":"8aa891b7ce8f805ed77e6f0d130204f6ead7c991"}
,"/home/hoang/projects/phishing_detection/extension/content_scripts/outlook.js": {"path":"/home/hoang/projects/phishing_detection/extension/content_scripts/outlook.js","statementMap":{"0":{"start":{"line":11,"column":19},"end":{"line":11,"column":44}},"1":{"start":{"line":28,"column":20},"end":{"line":28,"column":69}},"2":{"start":{"line":29,"column":20},"end":{"line":30,"column":66}},"3":{"start":{"line":32,"column":2},"end":{"line":35,"column":4}},"4":{"start":{"line":44,"column":2},"end":{"line":44,"column":20}},"5":{"start":{"line":54,"column":23},"end":{"line":54,"column":78}},"6":{"start":{"line":55,"column":23},"end":{"line":55,"column":47}},"7":{"start":{"line":57,"column":18},"end":{"line":57,"column":79}},"8":{"start":{"line":58,"column":18},"end":{"line":58,"column":53}},"9":{"start":{"line":60,"column":16},"end":{"line":64,"column":49}},"10":{"start":{"line":66,"column":21},"end":{"line":68,"column":8}},"11":{"start":{"line":70,"column":2},"end":{"line":88,"column":11}},"12":{"start":{"line":93,"column":19},"end":{"line":93,"column":54}},"13":{"start":{"line":94,"column":2},"end":{"line":94,"column":34}},"14":{"start":{"line":94,"column":16},"end":{"line":94,"column":34}},"15":{"start":{"line":96,"column":20},"end":{"line":97,"column":66}},"16":{"start":{"line":98,"column":2},"end":{"line":98,"column":25}},"17":{"start":{"line":98,"column":18},"end":{"line":98,"column":25}},"18":{"start":{"line":100,"column":18},"end":{"line":100,"column":47}},"19":{"start":{"line":101,"column":2},"end":{"line":101,"column":52}},"20":{"start":{"line":102,"column":2},"end":{"line":102,"column":40}},"21":{"start":{"line":107,"column":13},"end":{"line":107,"column":48}},"22":{"start":{"line":108,"column":2},"end":{"line":108,"column":22}},"23":{"start":{"line":108,"column":10},"end":{"line":108,"column":22}},"24":{"start":{"line":121,"column":20},"end":{"line":121,"column":22}},"25":{"start":{"line":123,"column":19},"end":{"line":132,"column":4}},"26":{"start":{"line":124,"column":22},"end":{"line":124,"column":71}},"27":{"start":{"line":125,"column":4},"end":{"line":125,"column":27}},"28":{"start":{"line":125,"column":20},"end":{"line":125,"column":27}},"29":{"start":{"line":127,"column":20},"end":{"line":127,"column":48}},"30":{"start":{"line":128,"column":4},"end":{"line":131,"column":5}},"31":{"start":{"line":129,"column":6},"end":{"line":129,"column":28}},"32":{"start":{"line":130,"column":6},"end":{"line":130,"column":20}},"33":{"start":{"line":134,"column":2},"end":{"line":134,"column":70}},"34":{"start":{"line":135,"column":2},"end":{"line":135,"column":18}},"35":{"start":{"line":143,"column":2},"end":{"line":147,"column":29}},"36":{"start":{"line":164,"column":0},"end":{"line":166,"column":1}},"37":{"start":{"line":165,"column":2},"end":{"line":165,"column":124}}},"fnMap":{"0":{"name":"extractEmailFromDOM","decl":{"start":{"line":27,"column":9},"end":{"line":27,"column":28}},"loc":{"start":{"line":27,"column":31},"end":{"line":36,"column":1}},"line":27},"1":{"name":"getOverlayId","decl":{"start":{"line":43,"column":9},"end":{"line":43,"column":21}},"loc":{"start":{"line":43,"column":24},"end":{"line":45,"column":1}},"line":43},"2":{"name":"buildOverlayHTML","decl":{"start":{"line":53,"column":9},"end":{"line":53,"column":25}},"loc":{"start":{"line":53,"column":62},"end":{"line":89,"column":1}},"line":53},"3":{"name":"injectOverlay","decl":{"start":{"line":92,"column":9},"end":{"line":92,"column":22}},"loc":{"start":{"line":92,"column":36},"end":{"line":103,"column":1}},"line":92},"4":{"name":"removeOverlay","decl":{"start":{"line":106,"column":9},"end":{"line":106,"column":22}},"loc":{"start":{"line":106,"column":25},"end":{"line":109,"column":1}},"line":106},"5":{"name":"watchForEmailOpen","decl":{"start":{"line":120,"column":9},"end":{"line":120,"column":26}},"loc":{"start":{"line":120,"column":40},"end":{"line":136,"column":1}},"line":120},"6":{"name":"(anonymous_6)","decl":{"start":{"line":123,"column":40},"end":{"line":123,"column":41}},"loc":{"start":{"line":123,"column":46},"end":{"line":132,"column":3}},"line":123},"7":{"name":"_escapeHtml","decl":{"start":{"line":142,"column":9},"end":{"line":142,"column":20}},"loc":{"start":{"line":142,"column":26},"end":{"line":148,"column":1}},"line":142}},"branchMap":{"0":{"loc":{"start":{"line":29,"column":20},"end":{"line":30,"column":66}},"type":"binary-expr","locations":[{"start":{"line":29,"column":20},"end":{"line":29,"column":79}},{"start":{"line":30,"column":20},"end":{"line":30,"column":66}}],"line":29},"1":{"loc":{"start":{"line":33,"column":14},"end":{"line":33,"column":42}},"type":"binary-expr","locations":[{"start":{"line":33,"column":14},"end":{"line":33,"column":36}},{"start":{"line":33,"column":40},"end":{"line":33,"column":42}}],"line":33},"2":{"loc":{"start":{"line":34,"column":14},"end":{"line":34,"column":65}},"type":"binary-expr","locations":[{"start":{"line":34,"column":14},"end":{"line":34,"column":31}},{"start":{"line":34,"column":40},"end":{"line":34,"column":59}},{"start":{"line":34,"column":63},"end":{"line":34,"column":65}}],"line":34},"3":{"loc":{"start":{"line":54,"column":23},"end":{"line":54,"column":78}},"type":"binary-expr","locations":[{"start":{"line":54,"column":23},"end":{"line":54,"column":45}},{"start":{"line":54,"column":49},"end":{"line":54,"column":78}}],"line":54},"4":{"loc":{"start":{"line":57,"column":18},"end":{"line":57,"column":79}},"type":"cond-expr","locations":[{"start":{"line":57,"column":31},"end":{"line":57,"column":40}},{"start":{"line":57,"column":43},"end":{"line":57,"column":79}}],"line":57},"5":{"loc":{"start":{"line":57,"column":43},"end":{"line":57,"column":79}},"type":"cond-expr","locations":[{"start":{"line":57,"column":58},"end":{"line":57,"column":67}},{"start":{"line":57,"column":70},"end":{"line":57,"column":79}}],"line":57},"6":{"loc":{"start":{"line":58,"column":30},"end":{"line":58,"column":45}},"type":"binary-expr","locations":[{"start":{"line":58,"column":30},"end":{"line":58,"column":40}},{"start":{"line":58,"column":44},"end":{"line":58,"column":45}}],"line":58},"7":{"loc":{"start":{"line":60,"column":16},"end":{"line":64,"column":49}},"type":"cond-expr","locations":[{"start":{"line":61,"column":6},"end":{"line":61,"column":35}},{"start":{"line":62,"column":6},"end":{"line":64,"column":49}}],"line":60},"8":{"loc":{"start":{"line":62,"column":6},"end":{"line":64,"column":49}},"type":"cond-expr","locations":[{"start":{"line":63,"column":8},"end":{"line":63,"column":36}},{"start":{"line":64,"column":8},"end":{"line":64,"column":49}}],"line":62},"9":{"loc":{"start":{"line":66,"column":21},"end":{"line":68,"column":8}},"type":"cond-expr","locations":[{"start":{"line":67,"column":6},"end":{"line":67,"column":95}},{"start":{"line":68,"column":6},"end":{"line":68,"column":8}}],"line":66},"10":{"loc":{"start":{"line":94,"column":2},"end":{"line":94,"column":34}},"type":"if","locations":[{"start":{"line":94,"column":2},"end":{"line":94,"column":34}},{"start":{},"end":{}}],"line":94},"11":{"loc":{"start":{"line":96,"column":20},"end":{"line":97,"column":66}},"type":"binary-expr","locations":[{"start":{"line":96,"column":20},"end":{"line":96,"column":79}},{"start":{"line":97,"column":20},"end":{"line":97,"column":66}}],"line":96},"12":{"loc":{"start":{"line":98,"column":2},"end":{"line":98,"column":25}},"type":"if","locations":[{"start":{"line":98,"column":2},"end":{"line":98,"column":25}},{"start":{},"end":{}}],"line":98},"13":{"loc":{"start":{"line":108,"column":2},"end":{"line":108,"column":22}},"type":"if","locations":[{"start":{"line":108,"column":2},"end":{"line":108,"column":22}},{"start":{},"end":{}}],"line":108},"14":{"loc":{"start":{"line":125,"column":4},"end":{"line":125,"column":27}},"type":"if","locations":[{"start":{"line":125,"column":4},"end":{"line":125,"column":27}},{"start":{},"end":{}}],"line":125},"15":{"loc":{"start":{"line":128,"column":4},"end":{"line":131,"column":5}},"type":"if","locations":[{"start":{"line":128,"column":4},"end":{"line":131,"column":5}},{"start":{},"end":{}}],"line":128},"16":{"loc":{"start":{"line":128,"column":8},"end":{"line":128,"column":42}},"type":"binary-expr","locations":[{"start":{"line":128,"column":8},"end":{"line":128,"column":15}},{"start":{"line":128,"column":19},"end":{"line":128,"column":42}}],"line":128},"17":{"loc":{"start":{"line":164,"column":0},"end":{"line":166,"column":1}},"type":"if","locations":[{"start":{"line":164,"column":0},"end":{"line":166,"column":1}},{"start":{},"end":{}}],"line":164}},"s":{"0":1,"1":8,"2":8,"3":8,"4":7,"5":11,"6":11,"7":11,"8":11,"9":11,"10":11,"11":11,"12":7,"13":7,"14":1,"15":7,"16":7,"17":1,"18":6,"19":6,"20":6,"21":2,"22":2,"23":1,"24":1,"25":1,"26":30,"27":30,"28":26,"29":4,"30":4,"31":3,"32":3,"33":1,"34":1,"35":0,"36":1,"37":1},"f":{"0":8,"1":7,"2":11,"3":7,"4":2,"5":1,"6":30,"7":0},"b":{"0":[8,2],"1":[8,1],"2":[8,8,1],"3":[11,2],"4":[9,2],"5":[0,2],"6":[11,0],"7":[9,2],"8":[0,2],"9":[0,11],"10":[1,6],"11":[7,2],"12":[1,6],"13":[1,1],"14":[26,4],"15":[3,1],"16":[4,4],"17":[1,0]},"_coverageSchema":"1a1c01bbd47fc00a2c39e90264f33305004495a9","hash":"ed758370f15437b8238c321c64fbb750ec109be2"}
,"/home/hoang/projects/phishing_detection/extension/content_scripts/sentra_bridge.js": {"path":"/home/hoang/projects/phishing_detection/extension/content_scripts/sentra_bridge.js","statementMap":{"0":{"start":{"line":11,"column":0},"end":{"line":36,"column":5}},"1":{"start":{"line":12,"column":13},"end":{"line":12,"column":55}},"2":{"start":{"line":14,"column":2},"end":{"line":18,"column":3}},"3":{"start":{"line":16,"column":4},"end":{"line":16,"column":61}},"4":{"start":{"line":17,"column":4},"end":{"line":17,"column":11}},"5":{"start":{"line":21,"column":2},"end":{"line":25,"column":3}},"6":{"start":{"line":22,"column":4},"end":{"line":22,"column":38}},"7":{"start":{"line":24,"column":4},"end":{"line":24,"column":11}},"8":{"start":{"line":27,"column":2},"end":{"line":35,"column":3}},"9":{"start":{"line":28,"column":4},"end":{"line":32,"column":7}},"10":{"start":{"line":34,"column":4},"end":{"line":34,"column":61}}},"fnMap":{"0":{"name":"sentraBridge","decl":{"start":{"line":11,"column":10},"end":{"line":11,"column":22}},"loc":{"start":{"line":11,"column":25},"end":{"line":36,"column":1}},"line":11}},"branchMap":{"0":{"loc":{"start":{"line":14,"column":2},"end":{"line":18,"column":3}},"type":"if","locations":[{"start":{"line":14,"column":2},"end":{"line":18,"column":3}},{"start":{},"end":{}}],"line":14},"1":{"loc":{"start":{"line":14,"column":6},"end":{"line":14,"column":28}},"type":"binary-expr","locations":[{"start":{"line":14,"column":6},"end":{"line":14,"column":9}},{"start":{"line":14,"column":13},"end":{"line":14,"column":28}}],"line":14},"2":{"loc":{"start":{"line":27,"column":2},"end":{"line":35,"column":3}},"type":"if","locations":[{"start":{"line":27,"column":2},"end":{"line":35,"column":3}},{"start":{"line":33,"column":9},"end":{"line":35,"column":3}}],"line":27},"3":{"loc":{"start":{"line":27,"column":6},"end":{"line":27,"column":24}},"type":"binary-expr","locations":[{"start":{"line":27,"column":6},"end":{"line":27,"column":10}},{"start":{"line":27,"column":14},"end":{"line":27,"column":24}}],"line":27},"4":{"loc":{"start":{"line":31,"column":13},"end":{"line":31,"column":29}},"type":"binary-expr","locations":[{"start":{"line":31,"column":13},"end":{"line":31,"column":23}},{"start":{"line":31,"column":27},"end":{"line":31,"column":29}}],"line":31}},"s":{"0":6,"1":6,"2":6,"3":2,"4":2,"5":4,"6":4,"7":1,"8":3,"9":2,"10":1},"f":{"0":6},"b":{"0":[2,4],"1":[6,5],"2":[2,1],"3":[3,3],"4":[2,1]},"_coverageSchema":"1a1c01bbd47fc00a2c39e90264f33305004495a9","hash":"c10d2558aba43586fd97c273db87e47ddb1174f7"}
,"/home/hoang/projects/phishing_detection/extension/utils/api.js": {"path":"/home/hoang/projects/phishing_detection/extension/utils/api.js","statementMap":{"0":{"start":{"line":7,"column":24},"end":{"line":7,"column":47}},"1":{"start":{"line":19,"column":14},"end":{"line":26,"column":4}},"2":{"start":{"line":27,"column":2},"end":{"line":27,"column":48}},"3":{"start":{"line":27,"column":15},"end":{"line":27,"column":48}},"4":{"start":{"line":28,"column":2},"end":{"line":28,"column":20}},"5":{"start":{"line":41,"column":14},"end":{"line":48,"column":4}},"6":{"start":{"line":49,"column":2},"end":{"line":49,"column":48}},"7":{"start":{"line":49,"column":15},"end":{"line":49,"column":48}},"8":{"start":{"line":50,"column":2},"end":{"line":50,"column":20}},"9":{"start":{"line":62,"column":14},"end":{"line":66,"column":4}},"10":{"start":{"line":67,"column":2},"end":{"line":67,"column":48}},"11":{"start":{"line":67,"column":15},"end":{"line":67,"column":48}},"12":{"start":{"line":68,"column":2},"end":{"line":68,"column":20}}},"fnMap":{"0":{"name":"scanEmail","decl":{"start":{"line":18,"column":15},"end":{"line":18,"column":24}},"loc":{"start":{"line":18,"column":59},"end":{"line":29,"column":1}},"line":18},"1":{"name":"registerInstance","decl":{"start":{"line":40,"column":15},"end":{"line":40,"column":31}},"loc":{"start":{"line":40,"column":64},"end":{"line":51,"column":1}},"line":40},"2":{"name":"sendHeartbeat","decl":{"start":{"line":61,"column":15},"end":{"line":61,"column":28}},"loc":{"start":{"line":61,"column":52},"end":{"line":69,"column":1}},"line":61}},"branchMap":{"0":{"loc":{"start":{"line":27,"column":2},"end":{"line":27,"column":48}},"type":"if","locations":[{"start":{"line":27,"column":2},"end":{"line":27,"column":48}},{"start":{},"end":{}}],"line":27},"1":{"loc":{"start":{"line":49,"column":2},"end":{"line":49,"column":48}},"type":"if","locations":[{"start":{"line":49,"column":2},"end":{"line":49,"column":48}},{"start":{},"end":{}}],"line":49},"2":{"loc":{"start":{"line":67,"column":2},"end":{"line":67,"column":48}},"type":"if","locations":[{"start":{"line":67,"column":2},"end":{"line":67,"column":48}},{"start":{},"end":{}}],"line":67}},"s":{"0":2,"1":8,"2":7,"3":2,"4":5,"5":12,"6":9,"7":1,"8":8,"9":7,"10":6,"11":1,"12":5},"f":{"0":8,"1":12,"2":7},"b":{"0":[2,5],"1":[1,8],"2":[1,5]},"_coverageSchema":"1a1c01bbd47fc00a2c39e90264f33305004495a9","hash":"009687751c2c55ab9ef0a7cc15e0fc9c80a24e69"}
}
