TN:
SF:background/service-worker.js
FN:31,_getStorage
FN:39,_apiUrl
FN:47,(anonymous_2)
FN:70,(anonymous_3)
FN:87,(anonymous_4)
FN:104,_handleSetAuthToken
FN:132,_handleScanRequest
FN:157,_detectBrowser
FN:165,_detectOS
FNF:9
FNH:9
FNDA:15,_getStorage
FNDA:8,_apiUrl
FNDA:5,(anonymous_2)
FNDA:4,(anonymous_3)
FNDA:9,(anonymous_4)
FNDA:4,_handleSetAuthToken
FNDA:3,_handleScanRequest
FNDA:10,_detectBrowser
FNDA:12,_detectOS
DA:24,1
DA:25,1
DA:32,15
DA:40,8
DA:47,1
DA:48,5
DA:49,5
DA:51,4
DA:52,4
DA:53,4
DA:54,4
DA:55,3
DA:56,2
DA:60,1
DA:68,1
DA:70,1
DA:71,4
DA:73,3
DA:74,3
DA:76,2
DA:77,2
DA:79,1
DA:87,1
DA:88,9
DA:89,4
DA:90,4
DA:93,5
DA:94,1
DA:95,1
DA:98,4
DA:100,3
DA:101,3
DA:105,4
DA:106,4
DA:108,4
DA:114,4
DA:115,3
DA:116,3
DA:117,3
DA:118,3
DA:123,1
DA:124,0
DA:127,2
DA:133,3
DA:135,3
DA:136,1
DA:137,1
DA:140,2
DA:141,2
DA:147,1
DA:149,1
DA:158,10
DA:159,10
DA:160,10
DA:161,9
DA:162,8
DA:166,12
DA:167,12
DA:168,12
DA:169,11
DA:170,10
DA:171,9
DA:172,8
DA:176,1
DA:177,1
LF:65
LH:64
BRDA:40,0,0,8
BRDA:40,0,1,5
BRDA:49,1,0,1
BRDA:49,1,1,4
BRDA:55,2,0,2
BRDA:55,2,1,1
BRDA:55,3,0,3
BRDA:55,3,1,3
BRDA:71,4,0,1
BRDA:71,4,1,3
BRDA:74,5,0,1
BRDA:74,5,1,2
BRDA:88,6,0,4
BRDA:88,6,1,5
BRDA:93,7,0,1
BRDA:93,7,1,4
BRDA:98,8,0,1
BRDA:98,8,1,3
BRDA:114,9,0,3
BRDA:114,9,1,1
BRDA:114,10,0,4
BRDA:114,10,1,1
BRDA:123,11,0,0
BRDA:123,11,1,1
BRDA:123,12,0,1
BRDA:123,12,1,1
BRDA:135,13,0,1
BRDA:135,13,1,2
BRDA:144,14,0,2
BRDA:144,14,1,1
BRDA:145,15,0,2
BRDA:145,15,1,0
BRDA:158,16,0,0
BRDA:158,16,1,10
BRDA:160,17,0,1
BRDA:160,17,1,9
BRDA:160,18,0,1
BRDA:160,18,1,0
BRDA:161,19,0,1
BRDA:161,19,1,8
BRDA:161,20,0,1
BRDA:161,20,1,0
BRDA:166,21,0,0
BRDA:166,21,1,12
BRDA:168,22,0,1
BRDA:168,22,1,11
BRDA:169,23,0,1
BRDA:169,23,1,10
BRDA:170,24,0,1
BRDA:170,24,1,9
BRDA:171,25,0,1
BRDA:171,25,1,8
BRDA:176,26,0,1
BRDA:176,26,1,0
BRF:54
BRH:47
end_of_record
TN:
SF:content_scripts/gmail.js
FN:27,extractEmailFromDOM
FN:42,getOverlayId
FN:52,buildOverlayHTML
FN:92,injectOverlay
FN:105,removeOverlay
FN:121,watchForEmailOpen
FN:124,(anonymous_6)
FN:143,_escapeHtml
FNF:8
FNH:8
FNDA:9,extractEmailFromDOM
FNDA:9,getOverlayId
FNDA:11,buildOverlayHTML
FNDA:6,injectOverlay
FNDA:2,removeOverlay
FNDA:1,watchForEmailOpen
FNDA:27,(anonymous_6)
FNDA:1,_escapeHtml
DA:12,1
DA:28,9
DA:29,9
DA:31,9
DA:43,9
DA:53,11
DA:54,11
DA:56,11
DA:57,11
DA:58,11
DA:60,11
DA:66,11
DA:70,11
DA:93,6
DA:94,6
DA:96,6
DA:97,6
DA:99,5
DA:100,5
DA:101,5
DA:106,2
DA:107,2
DA:122,1
DA:124,1
DA:125,27
DA:126,27
DA:128,4
DA:129,4
DA:130,4
DA:131,4
DA:135,1
DA:136,1
DA:144,1
DA:166,1
DA:167,1
LF:35
LH:35
BRDA:32,0,0,9
BRDA:32,0,1,1
BRDA:33,1,0,9
BRDA:33,1,1,9
BRDA:33,1,2,3
BRDA:53,2,0,11
BRDA:53,2,1,2
BRDA:56,3,0,9
BRDA:56,3,1,2
BRDA:56,4,0,0
BRDA:56,4,1,2
BRDA:58,5,0,11
BRDA:58,5,1,0
BRDA:60,6,0,9
BRDA:60,6,1,2
BRDA:62,7,0,0
BRDA:62,7,1,2
BRDA:66,8,0,1
BRDA:66,8,1,10
BRDA:94,9,0,1
BRDA:94,9,1,5
BRDA:96,10,0,6
BRDA:96,10,1,1
BRDA:97,11,0,1
BRDA:97,11,1,5
BRDA:107,12,0,1
BRDA:107,12,1,1
BRDA:126,13,0,23
BRDA:126,13,1,4
BRDA:129,14,0,4
BRDA:129,14,1,0
BRDA:129,15,0,4
BRDA:129,15,1,4
BRDA:166,16,0,1
BRDA:166,16,1,0
BRF:35
BRH:30
end_of_record
TN:
SF:content_scripts/outlook.js
FN:27,extractEmailFromDOM
FN:43,getOverlayId
FN:53,buildOverlayHTML
FN:92,injectOverlay
FN:106,removeOverlay
FN:120,watchForEmailOpen
FN:123,(anonymous_6)
FN:142,_escapeHtml
FNF:8
FNH:7
FNDA:8,extractEmailFromDOM
FNDA:7,getOverlayId
FNDA:11,buildOverlayHTML
FNDA:7,injectOverlay
FNDA:2,removeOverlay
FNDA:1,watchForEmailOpen
FNDA:30,(anonymous_6)
FNDA:0,_escapeHtml
DA:11,1
DA:28,8
DA:29,8
DA:32,8
DA:44,7
DA:54,11
DA:55,11
DA:57,11
DA:58,11
DA:60,11
DA:66,11
DA:70,11
DA:93,7
DA:94,7
DA:96,7
DA:98,7
DA:100,6
DA:101,6
DA:102,6
DA:107,2
DA:108,2
DA:121,1
DA:123,1
DA:124,30
DA:125,30
DA:127,4
DA:128,4
DA:129,3
DA:130,3
DA:134,1
DA:135,1
DA:143,0
DA:164,1
DA:165,1
LF:34
LH:33
BRDA:29,0,0,8
BRDA:29,0,1,2
BRDA:33,1,0,8
BRDA:33,1,1,1
BRDA:34,2,0,8
BRDA:34,2,1,8
BRDA:34,2,2,1
BRDA:54,3,0,11
BRDA:54,3,1,2
BRDA:57,4,0,9
BRDA:57,4,1,2
BRDA:57,5,0,0
BRDA:57,5,1,2
BRDA:58,6,0,11
BRDA:58,6,1,0
BRDA:60,7,0,9
BRDA:60,7,1,2
BRDA:62,8,0,0
BRDA:62,8,1,2
BRDA:66,9,0,0
BRDA:66,9,1,11
BRDA:94,10,0,1
BRDA:94,10,1,6
BRDA:96,11,0,7
BRDA:96,11,1,2
BRDA:98,12,0,1
BRDA:98,12,1,6
BRDA:108,13,0,1
BRDA:108,13,1,1
BRDA:125,14,0,26
BRDA:125,14,1,4
BRDA:128,15,0,3
BRDA:128,15,1,1
BRDA:128,16,0,4
BRDA:128,16,1,4
BRDA:164,17,0,1
BRDA:164,17,1,0
BRF:37
BRH:32
end_of_record
TN:
SF:content_scripts/sentra_bridge.js
FN:11,sentraBridge
FNF:1
FNH:1
FNDA:6,sentraBridge
DA:11,6
DA:12,6
DA:14,6
DA:16,2
DA:17,2
DA:21,4
DA:22,4
DA:24,1
DA:27,3
DA:28,2
DA:34,1
LF:11
LH:11
BRDA:14,0,0,2
BRDA:14,0,1,4
BRDA:14,1,0,6
BRDA:14,1,1,5
BRDA:27,2,0,2
BRDA:27,2,1,1
BRDA:27,3,0,3
BRDA:27,3,1,3
BRDA:31,4,0,2
BRDA:31,4,1,1
BRF:10
BRH:10
end_of_record
TN:
SF:utils/api.js
FN:18,scanEmail
FN:40,registerInstance
FN:61,sendHeartbeat
FNF:3
FNH:3
FNDA:8,scanEmail
FNDA:12,registerInstance
FNDA:7,sendHeartbeat
DA:7,2
DA:19,8
DA:27,7
DA:28,5
DA:41,12
DA:49,9
DA:50,8
DA:62,7
DA:67,6
DA:68,5
LF:10
LH:10
BRDA:27,0,0,2
BRDA:27,0,1,5
BRDA:49,1,0,1
BRDA:49,1,1,8
BRDA:67,2,0,1
BRDA:67,2,1,5
BRF:6
BRH:6
end_of_record
